Looking for PhyloPhlAn proteins in input faa files
Starting data/ga_phylo/bin.12.b6o...

WARNING: 5 long sequences (--maxlen 10000, longest 15973) discarded from input/ga_phylo/bin.12.faa

data/ga_phylo/bin.12.b6o generated!
Starting data/ga_phylo/bin.13.b6o...

WARNING: 17 long sequences (--maxlen 10000, longest 82741) discarded from input/ga_phylo/bin.13.faa

data/ga_phylo/bin.13.b6o generated!
Starting data/ga_phylo/bin.14.b6o...

WARNING: 2 long sequences (--maxlen 10000, longest 11043) discarded from input/ga_phylo/bin.14.faa

data/ga_phylo/bin.14.b6o generated!
Starting data/ga_phylo/bin.15.b6o...

WARNING: 132 long sequences (--maxlen 10000, longest 48874) discarded from input/ga_phylo/bin.15.faa

data/ga_phylo/bin.15.b6o generated!
Starting data/ga_phylo/bin.16.b6o...

WARNING: 13 long sequences (--maxlen 10000, longest 23328) discarded from input/ga_phylo/bin.16.faa

data/ga_phylo/bin.16.b6o generated!
Starting data/ga_phylo/bin.17.b6o...

WARNING: 3 long sequences (--maxlen 10000, longest 10310) discarded from input/ga_phylo/bin.17.faa

data/ga_phylo/bin.17.b6o generated!
Starting data/ga_phylo/bin.18.b6o...

WARNING: 61 long sequences (--maxlen 10000, longest 37684) discarded from input/ga_phylo/bin.18.faa

data/ga_phylo/bin.18.b6o generated!
Starting data/ga_phylo/bin.19.b6o...

WARNING: 3 long sequences (--maxlen 10000, longest 13002) discarded from input/ga_phylo/bin.19.faa

data/ga_phylo/bin.19.b6o generated!
Starting data/ga_phylo/bin.1.b6o...

WARNING: 1 long sequences (--maxlen 10000, longest 10609) discarded from input/ga_phylo/bin.1.faa

data/ga_phylo/bin.1.b6o generated!
Starting data/ga_phylo/bin.20.b6o...

WARNING: 6 long sequences (--maxlen 10000, longest 15471) discarded from input/ga_phylo/bin.20.faa

data/ga_phylo/bin.20.b6o generated!
Starting data/ga_phylo/bin.22.b6o...

WARNING: 22 long sequences (--maxlen 10000, longest 25231) discarded from input/ga_phylo/bin.22.faa

data/ga_phylo/bin.22.b6o generated!
Starting data/ga_phylo/bin.23.b6o...

WARNING: 22 long sequences (--maxlen 10000, longest 28681) discarded from input/ga_phylo/bin.23.faa

data/ga_phylo/bin.23.b6o generated!
Starting data/ga_phylo/bin.24.b6o...

WARNING: 51 long sequences (--maxlen 10000, longest 88078) discarded from input/ga_phylo/bin.24.faa

data/ga_phylo/bin.24.b6o generated!
Starting data/ga_phylo/bin.25.b6o...

WARNING: 27 long sequences (--maxlen 10000, longest 34274) discarded from input/ga_phylo/bin.25.faa

data/ga_phylo/bin.25.b6o generated!
Starting data/ga_phylo/bin.26.b6o...
data/ga_phylo/bin.26.b6o generated!
Starting data/ga_phylo/bin.27.b6o...

WARNING: 103 long sequences (--maxlen 10000, longest 48670) discarded from input/ga_phylo/bin.27.faa

data/ga_phylo/bin.27.b6o generated!
Starting data/ga_phylo/bin.28.b6o...

WARNING: 18 long sequences (--maxlen 10000, longest 17855) discarded from input/ga_phylo/bin.28.faa

data/ga_phylo/bin.28.b6o generated!
Starting data/ga_phylo/bin.29.b6o...

WARNING: 14 long sequences (--maxlen 10000, longest 23091) discarded from input/ga_phylo/bin.29.faa

data/ga_phylo/bin.29.b6o generated!
Starting data/ga_phylo/bin.2.b6o...
data/ga_phylo/bin.2.b6o generated!
Starting data/ga_phylo/bin.30.b6o...

WARNING: 5 long sequences (--maxlen 10000, longest 23028) discarded from input/ga_phylo/bin.30.faa

data/ga_phylo/bin.30.b6o generated!
Starting data/ga_phylo/bin.32.b6o...

WARNING: 7 long sequences (--maxlen 10000, longest 19446) discarded from input/ga_phylo/bin.32.faa

data/ga_phylo/bin.32.b6o generated!
Starting data/ga_phylo/bin.33.b6o...

WARNING: 20 long sequences (--maxlen 10000, longest 17855) discarded from input/ga_phylo/bin.33.faa

data/ga_phylo/bin.33.b6o generated!
Starting data/ga_phylo/bin.34.b6o...

WARNING: 8 long sequences (--maxlen 10000, longest 18197) discarded from input/ga_phylo/bin.34.faa

data/ga_phylo/bin.34.b6o generated!
Starting data/ga_phylo/bin.35.b6o...

WARNING: 28 long sequences (--maxlen 10000, longest 24360) discarded from input/ga_phylo/bin.35.faa

data/ga_phylo/bin.35.b6o generated!
Starting data/ga_phylo/bin.36.b6o...

WARNING: 3 long sequences (--maxlen 10000, longest 12511) discarded from input/ga_phylo/bin.36.faa

data/ga_phylo/bin.36.b6o generated!
Starting data/ga_phylo/bin.37.b6o...

WARNING: 2 long sequences (--maxlen 10000, longest 14406) discarded from input/ga_phylo/bin.37.faa

data/ga_phylo/bin.37.b6o generated!
Starting data/ga_phylo/bin.38.b6o...

WARNING: 11 long sequences (--maxlen 10000, longest 17376) discarded from input/ga_phylo/bin.38.faa

data/ga_phylo/bin.38.b6o generated!
Starting data/ga_phylo/bin.39.b6o...

WARNING: 10 long sequences (--maxlen 10000, longest 28481) discarded from input/ga_phylo/bin.39.faa

data/ga_phylo/bin.39.b6o generated!
Starting data/ga_phylo/bin.3.b6o...

WARNING: 1 long sequences (--maxlen 10000, longest 10263) discarded from input/ga_phylo/bin.3.faa

data/ga_phylo/bin.3.b6o generated!
Starting data/ga_phylo/bin.40.b6o...

WARNING: 4 long sequences (--maxlen 10000, longest 12738) discarded from input/ga_phylo/bin.40.faa

data/ga_phylo/bin.40.b6o generated!
Starting data/ga_phylo/bin.42.b6o...
data/ga_phylo/bin.42.b6o generated!
Starting data/ga_phylo/bin.43.b6o...

WARNING: 2 long sequences (--maxlen 10000, longest 12819) discarded from input/ga_phylo/bin.43.faa

data/ga_phylo/bin.43.b6o generated!
Starting data/ga_phylo/bin.44.b6o...

WARNING: 26 long sequences (--maxlen 10000, longest 46896) discarded from input/ga_phylo/bin.44.faa

data/ga_phylo/bin.44.b6o generated!
Starting data/ga_phylo/bin.4.b6o...

WARNING: 4 long sequences (--maxlen 10000, longest 20701) discarded from input/ga_phylo/bin.4.faa

data/ga_phylo/bin.4.b6o generated!
Starting data/ga_phylo/bin.5.b6o...
data/ga_phylo/bin.5.b6o generated!
Starting data/ga_phylo/bin.6.b6o...

WARNING: 46 long sequences (--maxlen 10000, longest 232515) discarded from input/ga_phylo/bin.6.faa

data/ga_phylo/bin.6.b6o generated!
Starting data/ga_phylo/bin.7.b6o...

WARNING: 3 long sequences (--maxlen 10000, longest 25107) discarded from input/ga_phylo/bin.7.faa

data/ga_phylo/bin.7.b6o generated!
Starting data/ga_phylo/bin.8.b6o...

WARNING: 27 long sequences (--maxlen 10000, longest 218269) discarded from input/ga_phylo/bin.8.faa

data/ga_phylo/bin.8.b6o generated!
Starting data/ga_phylo/bin.9.b6o...

WARNING: 96 long sequences (--maxlen 10000, longest 54316) discarded from input/ga_phylo/bin.9.faa

data/ga_phylo/bin.9.b6o generated!
Starting data/ga_phylo/bin.10.b6o...

WARNING: 1 long sequences (--maxlen 10000, longest 10068) discarded from input/ga_phylo/bin.10.faa

data/ga_phylo/bin.10.b6o generated!
All usearch runs performed!
Mapping finished in 379 secs.

Looking for PhyloPhlAn proteins to align
391 alignments to be performed
Running muscle on data/ga_phylo/p0000.faa...
data/ga_phylo/p0000.sub.aln generated (from data/ga_phylo/p0000.faa)!
Running muscle on data/ga_phylo/p0001.faa...
data/ga_phylo/p0001.sub.aln generated (from data/ga_phylo/p0001.faa)!
Running muscle on data/ga_phylo/p0002.faa...
data/ga_phylo/p0002.sub.aln generated (from data/ga_phylo/p0002.faa)!
Running muscle on data/ga_phylo/p0003.faa...
data/ga_phylo/p0003.sub.aln generated (from data/ga_phylo/p0003.faa)!
Running muscle on data/ga_phylo/p0004.faa...
data/ga_phylo/p0004.sub.aln generated (from data/ga_phylo/p0004.faa)!
Running muscle on data/ga_phylo/p0005.faa...
data/ga_phylo/p0005.sub.aln generated (from data/ga_phylo/p0005.faa)!
Running muscle on data/ga_phylo/p0006.faa...
data/ga_phylo/p0006.sub.aln generated (from data/ga_phylo/p0006.faa)!
Running muscle on data/ga_phylo/p0007.faa...
data/ga_phylo/p0007.sub.aln generated (from data/ga_phylo/p0007.faa)!
Running muscle on data/ga_phylo/p0008.faa...
data/ga_phylo/p0008.sub.aln generated (from data/ga_phylo/p0008.faa)!
Running muscle on data/ga_phylo/p0009.faa...
data/ga_phylo/p0009.sub.aln generated (from data/ga_phylo/p0009.faa)!
Running muscle on data/ga_phylo/p0010.faa...
data/ga_phylo/p0010.sub.aln generated (from data/ga_phylo/p0010.faa)!
Running muscle on data/ga_phylo/p0011.faa...
data/ga_phylo/p0011.sub.aln generated (from data/ga_phylo/p0011.faa)!
Running muscle on data/ga_phylo/p0012.faa...
data/ga_phylo/p0012.sub.aln generated (from data/ga_phylo/p0012.faa)!
Running muscle on data/ga_phylo/p0013.faa...
data/ga_phylo/p0013.sub.aln generated (from data/ga_phylo/p0013.faa)!
Running muscle on data/ga_phylo/p0014.faa...
data/ga_phylo/p0014.sub.aln generated (from data/ga_phylo/p0014.faa)!
Running muscle on data/ga_phylo/p0015.faa...
data/ga_phylo/p0015.sub.aln generated (from data/ga_phylo/p0015.faa)!
Running muscle on data/ga_phylo/p0016.faa...
data/ga_phylo/p0016.sub.aln generated (from data/ga_phylo/p0016.faa)!
Running muscle on data/ga_phylo/p0017.faa...
data/ga_phylo/p0017.sub.aln generated (from data/ga_phylo/p0017.faa)!
Running muscle on data/ga_phylo/p0018.faa...
data/ga_phylo/p0018.sub.aln generated (from data/ga_phylo/p0018.faa)!
Running muscle on data/ga_phylo/p0019.faa...
data/ga_phylo/p0019.sub.aln generated (from data/ga_phylo/p0019.faa)!
Running muscle on data/ga_phylo/p0020.faa...
data/ga_phylo/p0020.sub.aln generated (from data/ga_phylo/p0020.faa)!
Running muscle on data/ga_phylo/p0021.faa...
data/ga_phylo/p0021.sub.aln generated (from data/ga_phylo/p0021.faa)!
Running muscle on data/ga_phylo/p0022.faa...
data/ga_phylo/p0022.sub.aln generated (from data/ga_phylo/p0022.faa)!
Running muscle on data/ga_phylo/p0023.faa...
data/ga_phylo/p0023.sub.aln generated (from data/ga_phylo/p0023.faa)!
Running muscle on data/ga_phylo/p0024.faa...
data/ga_phylo/p0024.sub.aln generated (from data/ga_phylo/p0024.faa)!
Running muscle on data/ga_phylo/p0025.faa...
data/ga_phylo/p0025.sub.aln generated (from data/ga_phylo/p0025.faa)!
Running muscle on data/ga_phylo/p0026.faa...
data/ga_phylo/p0026.sub.aln generated (from data/ga_phylo/p0026.faa)!
Running muscle on data/ga_phylo/p0027.faa...
data/ga_phylo/p0027.sub.aln generated (from data/ga_phylo/p0027.faa)!
Running muscle on data/ga_phylo/p0028.faa...
data/ga_phylo/p0028.sub.aln generated (from data/ga_phylo/p0028.faa)!
Running muscle on data/ga_phylo/p0029.faa...
data/ga_phylo/p0029.sub.aln generated (from data/ga_phylo/p0029.faa)!
Running muscle on data/ga_phylo/p0030.faa...
data/ga_phylo/p0030.sub.aln generated (from data/ga_phylo/p0030.faa)!
Running muscle on data/ga_phylo/p0031.faa...
data/ga_phylo/p0031.sub.aln generated (from data/ga_phylo/p0031.faa)!
Running muscle on data/ga_phylo/p0032.faa...
data/ga_phylo/p0032.sub.aln generated (from data/ga_phylo/p0032.faa)!
Running muscle on data/ga_phylo/p0033.faa...
data/ga_phylo/p0033.sub.aln generated (from data/ga_phylo/p0033.faa)!
Running muscle on data/ga_phylo/p0034.faa...
data/ga_phylo/p0034.sub.aln generated (from data/ga_phylo/p0034.faa)!
Running muscle on data/ga_phylo/p0035.faa...
data/ga_phylo/p0035.sub.aln generated (from data/ga_phylo/p0035.faa)!
Running muscle on data/ga_phylo/p0036.faa...
data/ga_phylo/p0036.sub.aln generated (from data/ga_phylo/p0036.faa)!
Running muscle on data/ga_phylo/p0037.faa...
data/ga_phylo/p0037.sub.aln generated (from data/ga_phylo/p0037.faa)!
Running muscle on data/ga_phylo/p0038.faa...
data/ga_phylo/p0038.sub.aln generated (from data/ga_phylo/p0038.faa)!
Running muscle on data/ga_phylo/p0039.faa...
data/ga_phylo/p0039.sub.aln generated (from data/ga_phylo/p0039.faa)!
Running muscle on data/ga_phylo/p0040.faa...
data/ga_phylo/p0040.sub.aln generated (from data/ga_phylo/p0040.faa)!
Running muscle on data/ga_phylo/p0041.faa...
data/ga_phylo/p0041.sub.aln generated (from data/ga_phylo/p0041.faa)!
Running muscle on data/ga_phylo/p0042.faa...
data/ga_phylo/p0042.sub.aln generated (from data/ga_phylo/p0042.faa)!
Running muscle on data/ga_phylo/p0043.faa...
data/ga_phylo/p0043.sub.aln generated (from data/ga_phylo/p0043.faa)!
Running muscle on data/ga_phylo/p0044.faa...
data/ga_phylo/p0044.sub.aln generated (from data/ga_phylo/p0044.faa)!
Running muscle on data/ga_phylo/p0045.faa...
data/ga_phylo/p0045.sub.aln generated (from data/ga_phylo/p0045.faa)!
Running muscle on data/ga_phylo/p0046.faa...
data/ga_phylo/p0046.sub.aln generated (from data/ga_phylo/p0046.faa)!
Running muscle on data/ga_phylo/p0047.faa...
data/ga_phylo/p0047.sub.aln generated (from data/ga_phylo/p0047.faa)!
Running muscle on data/ga_phylo/p0048.faa...
data/ga_phylo/p0048.sub.aln generated (from data/ga_phylo/p0048.faa)!
Running muscle on data/ga_phylo/p0049.faa...
data/ga_phylo/p0049.sub.aln generated (from data/ga_phylo/p0049.faa)!
Running muscle on data/ga_phylo/p0050.faa...
data/ga_phylo/p0050.sub.aln generated (from data/ga_phylo/p0050.faa)!
Running muscle on data/ga_phylo/p0051.faa...
data/ga_phylo/p0051.sub.aln generated (from data/ga_phylo/p0051.faa)!
Running muscle on data/ga_phylo/p0052.faa...
data/ga_phylo/p0052.sub.aln generated (from data/ga_phylo/p0052.faa)!
Running muscle on data/ga_phylo/p0053.faa...
data/ga_phylo/p0053.sub.aln generated (from data/ga_phylo/p0053.faa)!
Running muscle on data/ga_phylo/p0054.faa...
data/ga_phylo/p0054.sub.aln generated (from data/ga_phylo/p0054.faa)!
Running muscle on data/ga_phylo/p0055.faa...
data/ga_phylo/p0055.sub.aln generated (from data/ga_phylo/p0055.faa)!
Running muscle on data/ga_phylo/p0056.faa...
data/ga_phylo/p0056.sub.aln generated (from data/ga_phylo/p0056.faa)!
Running muscle on data/ga_phylo/p0057.faa...
data/ga_phylo/p0057.sub.aln generated (from data/ga_phylo/p0057.faa)!
Running muscle on data/ga_phylo/p0058.faa...
data/ga_phylo/p0058.sub.aln generated (from data/ga_phylo/p0058.faa)!
Running muscle on data/ga_phylo/p0059.faa...
data/ga_phylo/p0059.sub.aln generated (from data/ga_phylo/p0059.faa)!
Running muscle on data/ga_phylo/p0060.faa...
data/ga_phylo/p0060.sub.aln generated (from data/ga_phylo/p0060.faa)!
Running muscle on data/ga_phylo/p0061.faa...
data/ga_phylo/p0061.sub.aln generated (from data/ga_phylo/p0061.faa)!
Running muscle on data/ga_phylo/p0062.faa...
data/ga_phylo/p0062.sub.aln generated (from data/ga_phylo/p0062.faa)!
Running muscle on data/ga_phylo/p0063.faa...
data/ga_phylo/p0063.sub.aln generated (from data/ga_phylo/p0063.faa)!
Running muscle on data/ga_phylo/p0064.faa...
data/ga_phylo/p0064.sub.aln generated (from data/ga_phylo/p0064.faa)!
Running muscle on data/ga_phylo/p0065.faa...
data/ga_phylo/p0065.sub.aln generated (from data/ga_phylo/p0065.faa)!
Running muscle on data/ga_phylo/p0066.faa...
data/ga_phylo/p0066.sub.aln generated (from data/ga_phylo/p0066.faa)!
Running muscle on data/ga_phylo/p0068.faa...
data/ga_phylo/p0068.sub.aln generated (from data/ga_phylo/p0068.faa)!
Running muscle on data/ga_phylo/p0069.faa...
data/ga_phylo/p0069.sub.aln generated (from data/ga_phylo/p0069.faa)!
Running muscle on data/ga_phylo/p0070.faa...
data/ga_phylo/p0070.sub.aln generated (from data/ga_phylo/p0070.faa)!
Running muscle on data/ga_phylo/p0071.faa...
data/ga_phylo/p0071.sub.aln generated (from data/ga_phylo/p0071.faa)!
Running muscle on data/ga_phylo/p0072.faa...
data/ga_phylo/p0072.sub.aln generated (from data/ga_phylo/p0072.faa)!
Running muscle on data/ga_phylo/p0073.faa...
data/ga_phylo/p0073.sub.aln generated (from data/ga_phylo/p0073.faa)!
Running muscle on data/ga_phylo/p0074.faa...
data/ga_phylo/p0074.sub.aln generated (from data/ga_phylo/p0074.faa)!
Running muscle on data/ga_phylo/p0075.faa...
data/ga_phylo/p0075.sub.aln generated (from data/ga_phylo/p0075.faa)!
Running muscle on data/ga_phylo/p0076.faa...
data/ga_phylo/p0076.sub.aln generated (from data/ga_phylo/p0076.faa)!
Running muscle on data/ga_phylo/p0077.faa...
data/ga_phylo/p0077.sub.aln generated (from data/ga_phylo/p0077.faa)!
Running muscle on data/ga_phylo/p0078.faa...
data/ga_phylo/p0078.sub.aln generated (from data/ga_phylo/p0078.faa)!
Running muscle on data/ga_phylo/p0079.faa...
data/ga_phylo/p0079.sub.aln generated (from data/ga_phylo/p0079.faa)!
Running muscle on data/ga_phylo/p0080.faa...
data/ga_phylo/p0080.sub.aln generated (from data/ga_phylo/p0080.faa)!
Running muscle on data/ga_phylo/p0081.faa...
data/ga_phylo/p0081.sub.aln generated (from data/ga_phylo/p0081.faa)!
Running muscle on data/ga_phylo/p0082.faa...
data/ga_phylo/p0082.sub.aln generated (from data/ga_phylo/p0082.faa)!
Running muscle on data/ga_phylo/p0083.faa...
data/ga_phylo/p0083.sub.aln generated (from data/ga_phylo/p0083.faa)!
Running muscle on data/ga_phylo/p0084.faa...
data/ga_phylo/p0084.sub.aln generated (from data/ga_phylo/p0084.faa)!
Running muscle on data/ga_phylo/p0085.faa...
data/ga_phylo/p0085.sub.aln generated (from data/ga_phylo/p0085.faa)!
Running muscle on data/ga_phylo/p0086.faa...
data/ga_phylo/p0086.sub.aln generated (from data/ga_phylo/p0086.faa)!
Running muscle on data/ga_phylo/p0087.faa...
data/ga_phylo/p0087.sub.aln generated (from data/ga_phylo/p0087.faa)!
Running muscle on data/ga_phylo/p0088.faa...
data/ga_phylo/p0088.sub.aln generated (from data/ga_phylo/p0088.faa)!
Running muscle on data/ga_phylo/p0089.faa...
data/ga_phylo/p0089.sub.aln generated (from data/ga_phylo/p0089.faa)!
Running muscle on data/ga_phylo/p0090.faa...
data/ga_phylo/p0090.sub.aln generated (from data/ga_phylo/p0090.faa)!
Running muscle on data/ga_phylo/p0091.faa...
data/ga_phylo/p0091.sub.aln generated (from data/ga_phylo/p0091.faa)!
Running muscle on data/ga_phylo/p0092.faa...
data/ga_phylo/p0092.sub.aln generated (from data/ga_phylo/p0092.faa)!
Running muscle on data/ga_phylo/p0093.faa...
data/ga_phylo/p0093.sub.aln generated (from data/ga_phylo/p0093.faa)!
Running muscle on data/ga_phylo/p0094.faa...
data/ga_phylo/p0094.sub.aln generated (from data/ga_phylo/p0094.faa)!
Running muscle on data/ga_phylo/p0095.faa...
data/ga_phylo/p0095.sub.aln generated (from data/ga_phylo/p0095.faa)!
Running muscle on data/ga_phylo/p0096.faa...
data/ga_phylo/p0096.sub.aln generated (from data/ga_phylo/p0096.faa)!
Running muscle on data/ga_phylo/p0097.faa...
data/ga_phylo/p0097.sub.aln generated (from data/ga_phylo/p0097.faa)!
Running muscle on data/ga_phylo/p0098.faa...
data/ga_phylo/p0098.sub.aln generated (from data/ga_phylo/p0098.faa)!
Running muscle on data/ga_phylo/p0099.faa...
data/ga_phylo/p0099.sub.aln generated (from data/ga_phylo/p0099.faa)!
Running muscle on data/ga_phylo/p0100.faa...
data/ga_phylo/p0100.sub.aln generated (from data/ga_phylo/p0100.faa)!
Running muscle on data/ga_phylo/p0101.faa...
data/ga_phylo/p0101.sub.aln generated (from data/ga_phylo/p0101.faa)!
Running muscle on data/ga_phylo/p0102.faa...
data/ga_phylo/p0102.sub.aln generated (from data/ga_phylo/p0102.faa)!
Running muscle on data/ga_phylo/p0103.faa...
data/ga_phylo/p0103.sub.aln generated (from data/ga_phylo/p0103.faa)!
Running muscle on data/ga_phylo/p0104.faa...
data/ga_phylo/p0104.sub.aln generated (from data/ga_phylo/p0104.faa)!
Running muscle on data/ga_phylo/p0105.faa...
data/ga_phylo/p0105.sub.aln generated (from data/ga_phylo/p0105.faa)!
Running muscle on data/ga_phylo/p0106.faa...
data/ga_phylo/p0106.sub.aln generated (from data/ga_phylo/p0106.faa)!
Running muscle on data/ga_phylo/p0107.faa...
data/ga_phylo/p0107.sub.aln generated (from data/ga_phylo/p0107.faa)!
Running muscle on data/ga_phylo/p0108.faa...
data/ga_phylo/p0108.sub.aln generated (from data/ga_phylo/p0108.faa)!
Running muscle on data/ga_phylo/p0109.faa...
data/ga_phylo/p0109.sub.aln generated (from data/ga_phylo/p0109.faa)!
Running muscle on data/ga_phylo/p0110.faa...
data/ga_phylo/p0110.sub.aln generated (from data/ga_phylo/p0110.faa)!
Running muscle on data/ga_phylo/p0111.faa...
data/ga_phylo/p0111.sub.aln generated (from data/ga_phylo/p0111.faa)!
Running muscle on data/ga_phylo/p0112.faa...
data/ga_phylo/p0112.sub.aln generated (from data/ga_phylo/p0112.faa)!
Running muscle on data/ga_phylo/p0113.faa...
data/ga_phylo/p0113.sub.aln generated (from data/ga_phylo/p0113.faa)!
Running muscle on data/ga_phylo/p0114.faa...
data/ga_phylo/p0114.sub.aln generated (from data/ga_phylo/p0114.faa)!
Running muscle on data/ga_phylo/p0115.faa...
data/ga_phylo/p0115.sub.aln generated (from data/ga_phylo/p0115.faa)!
Running muscle on data/ga_phylo/p0116.faa...
data/ga_phylo/p0116.sub.aln generated (from data/ga_phylo/p0116.faa)!
Running muscle on data/ga_phylo/p0117.faa...
data/ga_phylo/p0117.sub.aln generated (from data/ga_phylo/p0117.faa)!
Running muscle on data/ga_phylo/p0118.faa...
data/ga_phylo/p0118.sub.aln generated (from data/ga_phylo/p0118.faa)!
Running muscle on data/ga_phylo/p0119.faa...
data/ga_phylo/p0119.sub.aln generated (from data/ga_phylo/p0119.faa)!
Running muscle on data/ga_phylo/p0120.faa...
data/ga_phylo/p0120.sub.aln generated (from data/ga_phylo/p0120.faa)!
Running muscle on data/ga_phylo/p0121.faa...
data/ga_phylo/p0121.sub.aln generated (from data/ga_phylo/p0121.faa)!
Running muscle on data/ga_phylo/p0122.faa...
data/ga_phylo/p0122.sub.aln generated (from data/ga_phylo/p0122.faa)!
Running muscle on data/ga_phylo/p0123.faa...
data/ga_phylo/p0123.sub.aln generated (from data/ga_phylo/p0123.faa)!
Running muscle on data/ga_phylo/p0124.faa...
data/ga_phylo/p0124.sub.aln generated (from data/ga_phylo/p0124.faa)!
Running muscle on data/ga_phylo/p0125.faa...
data/ga_phylo/p0125.sub.aln generated (from data/ga_phylo/p0125.faa)!
Running muscle on data/ga_phylo/p0126.faa...
data/ga_phylo/p0126.sub.aln generated (from data/ga_phylo/p0126.faa)!
Running muscle on data/ga_phylo/p0127.faa...
data/ga_phylo/p0127.sub.aln generated (from data/ga_phylo/p0127.faa)!
Running muscle on data/ga_phylo/p0128.faa...
data/ga_phylo/p0128.sub.aln generated (from data/ga_phylo/p0128.faa)!
Running muscle on data/ga_phylo/p0129.faa...
data/ga_phylo/p0129.sub.aln generated (from data/ga_phylo/p0129.faa)!
Running muscle on data/ga_phylo/p0130.faa...
data/ga_phylo/p0130.sub.aln generated (from data/ga_phylo/p0130.faa)!
Running muscle on data/ga_phylo/p0131.faa...
data/ga_phylo/p0131.sub.aln generated (from data/ga_phylo/p0131.faa)!
Running muscle on data/ga_phylo/p0132.faa...
data/ga_phylo/p0132.sub.aln generated (from data/ga_phylo/p0132.faa)!
Running muscle on data/ga_phylo/p0133.faa...
data/ga_phylo/p0133.sub.aln generated (from data/ga_phylo/p0133.faa)!
Running muscle on data/ga_phylo/p0134.faa...
data/ga_phylo/p0134.sub.aln generated (from data/ga_phylo/p0134.faa)!
Running muscle on data/ga_phylo/p0135.faa...
data/ga_phylo/p0135.sub.aln generated (from data/ga_phylo/p0135.faa)!
Running muscle on data/ga_phylo/p0136.faa...
data/ga_phylo/p0136.sub.aln generated (from data/ga_phylo/p0136.faa)!
Running muscle on data/ga_phylo/p0137.faa...
data/ga_phylo/p0137.sub.aln generated (from data/ga_phylo/p0137.faa)!
Running muscle on data/ga_phylo/p0138.faa...
data/ga_phylo/p0138.sub.aln generated (from data/ga_phylo/p0138.faa)!
Running muscle on data/ga_phylo/p0139.faa...
data/ga_phylo/p0139.sub.aln generated (from data/ga_phylo/p0139.faa)!
Running muscle on data/ga_phylo/p0140.faa...
data/ga_phylo/p0140.sub.aln generated (from data/ga_phylo/p0140.faa)!
Running muscle on data/ga_phylo/p0141.faa...
data/ga_phylo/p0141.sub.aln generated (from data/ga_phylo/p0141.faa)!
Running muscle on data/ga_phylo/p0142.faa...
data/ga_phylo/p0142.sub.aln generated (from data/ga_phylo/p0142.faa)!
Running muscle on data/ga_phylo/p0143.faa...
data/ga_phylo/p0143.sub.aln generated (from data/ga_phylo/p0143.faa)!
Running muscle on data/ga_phylo/p0144.faa...
data/ga_phylo/p0144.sub.aln generated (from data/ga_phylo/p0144.faa)!
Running muscle on data/ga_phylo/p0145.faa...
data/ga_phylo/p0145.sub.aln generated (from data/ga_phylo/p0145.faa)!
Running muscle on data/ga_phylo/p0146.faa...
data/ga_phylo/p0146.sub.aln generated (from data/ga_phylo/p0146.faa)!
Running muscle on data/ga_phylo/p0147.faa...
data/ga_phylo/p0147.sub.aln generated (from data/ga_phylo/p0147.faa)!
Running muscle on data/ga_phylo/p0148.faa...
data/ga_phylo/p0148.sub.aln generated (from data/ga_phylo/p0148.faa)!
Running muscle on data/ga_phylo/p0149.faa...
data/ga_phylo/p0149.sub.aln generated (from data/ga_phylo/p0149.faa)!
Running muscle on data/ga_phylo/p0150.faa...
data/ga_phylo/p0150.sub.aln generated (from data/ga_phylo/p0150.faa)!
Running muscle on data/ga_phylo/p0151.faa...
data/ga_phylo/p0151.sub.aln generated (from data/ga_phylo/p0151.faa)!
Running muscle on data/ga_phylo/p0152.faa...
data/ga_phylo/p0152.sub.aln generated (from data/ga_phylo/p0152.faa)!
Running muscle on data/ga_phylo/p0153.faa...
data/ga_phylo/p0153.sub.aln generated (from data/ga_phylo/p0153.faa)!
Running muscle on data/ga_phylo/p0154.faa...
data/ga_phylo/p0154.sub.aln generated (from data/ga_phylo/p0154.faa)!
Running muscle on data/ga_phylo/p0155.faa...
data/ga_phylo/p0155.sub.aln generated (from data/ga_phylo/p0155.faa)!
Running muscle on data/ga_phylo/p0156.faa...
data/ga_phylo/p0156.sub.aln generated (from data/ga_phylo/p0156.faa)!
Running muscle on data/ga_phylo/p0157.faa...
data/ga_phylo/p0157.sub.aln generated (from data/ga_phylo/p0157.faa)!
Running muscle on data/ga_phylo/p0158.faa...
data/ga_phylo/p0158.sub.aln generated (from data/ga_phylo/p0158.faa)!
Running muscle on data/ga_phylo/p0159.faa...
data/ga_phylo/p0159.sub.aln generated (from data/ga_phylo/p0159.faa)!
Running muscle on data/ga_phylo/p0160.faa...
data/ga_phylo/p0160.sub.aln generated (from data/ga_phylo/p0160.faa)!
Running muscle on data/ga_phylo/p0161.faa...
data/ga_phylo/p0161.sub.aln generated (from data/ga_phylo/p0161.faa)!
Running muscle on data/ga_phylo/p0162.faa...
data/ga_phylo/p0162.sub.aln generated (from data/ga_phylo/p0162.faa)!
Running muscle on data/ga_phylo/p0163.faa...
data/ga_phylo/p0163.sub.aln generated (from data/ga_phylo/p0163.faa)!
Running muscle on data/ga_phylo/p0164.faa...
data/ga_phylo/p0164.sub.aln generated (from data/ga_phylo/p0164.faa)!
Running muscle on data/ga_phylo/p0165.faa...
data/ga_phylo/p0165.sub.aln generated (from data/ga_phylo/p0165.faa)!
Running muscle on data/ga_phylo/p0166.faa...
data/ga_phylo/p0166.sub.aln generated (from data/ga_phylo/p0166.faa)!
Running muscle on data/ga_phylo/p0167.faa...
data/ga_phylo/p0167.sub.aln generated (from data/ga_phylo/p0167.faa)!
Running muscle on data/ga_phylo/p0168.faa...
data/ga_phylo/p0168.sub.aln generated (from data/ga_phylo/p0168.faa)!
Running muscle on data/ga_phylo/p0169.faa...
data/ga_phylo/p0169.sub.aln generated (from data/ga_phylo/p0169.faa)!
Running muscle on data/ga_phylo/p0170.faa...
data/ga_phylo/p0170.sub.aln generated (from data/ga_phylo/p0170.faa)!
Running muscle on data/ga_phylo/p0171.faa...
data/ga_phylo/p0171.sub.aln generated (from data/ga_phylo/p0171.faa)!
Running muscle on data/ga_phylo/p0172.faa...
data/ga_phylo/p0172.sub.aln generated (from data/ga_phylo/p0172.faa)!
Running muscle on data/ga_phylo/p0173.faa...
data/ga_phylo/p0173.sub.aln generated (from data/ga_phylo/p0173.faa)!
Running muscle on data/ga_phylo/p0174.faa...
data/ga_phylo/p0174.sub.aln generated (from data/ga_phylo/p0174.faa)!
Running muscle on data/ga_phylo/p0175.faa...
data/ga_phylo/p0175.sub.aln generated (from data/ga_phylo/p0175.faa)!
Running muscle on data/ga_phylo/p0176.faa...
data/ga_phylo/p0176.sub.aln generated (from data/ga_phylo/p0176.faa)!
Running muscle on data/ga_phylo/p0177.faa...
data/ga_phylo/p0177.sub.aln generated (from data/ga_phylo/p0177.faa)!
Running muscle on data/ga_phylo/p0178.faa...
data/ga_phylo/p0178.sub.aln generated (from data/ga_phylo/p0178.faa)!
Running muscle on data/ga_phylo/p0179.faa...
data/ga_phylo/p0179.sub.aln generated (from data/ga_phylo/p0179.faa)!
Running muscle on data/ga_phylo/p0180.faa...
data/ga_phylo/p0180.sub.aln generated (from data/ga_phylo/p0180.faa)!
Running muscle on data/ga_phylo/p0181.faa...
data/ga_phylo/p0181.sub.aln generated (from data/ga_phylo/p0181.faa)!
Running muscle on data/ga_phylo/p0182.faa...
data/ga_phylo/p0182.sub.aln generated (from data/ga_phylo/p0182.faa)!
Running muscle on data/ga_phylo/p0183.faa...
data/ga_phylo/p0183.sub.aln generated (from data/ga_phylo/p0183.faa)!
Running muscle on data/ga_phylo/p0184.faa...
data/ga_phylo/p0184.sub.aln generated (from data/ga_phylo/p0184.faa)!
Running muscle on data/ga_phylo/p0185.faa...
data/ga_phylo/p0185.sub.aln generated (from data/ga_phylo/p0185.faa)!
Running muscle on data/ga_phylo/p0186.faa...
data/ga_phylo/p0186.sub.aln generated (from data/ga_phylo/p0186.faa)!
Running muscle on data/ga_phylo/p0187.faa...
data/ga_phylo/p0187.sub.aln generated (from data/ga_phylo/p0187.faa)!
Running muscle on data/ga_phylo/p0188.faa...
data/ga_phylo/p0188.sub.aln generated (from data/ga_phylo/p0188.faa)!
Running muscle on data/ga_phylo/p0189.faa...
data/ga_phylo/p0189.sub.aln generated (from data/ga_phylo/p0189.faa)!
Running muscle on data/ga_phylo/p0190.faa...
data/ga_phylo/p0190.sub.aln generated (from data/ga_phylo/p0190.faa)!
Running muscle on data/ga_phylo/p0191.faa...
data/ga_phylo/p0191.sub.aln generated (from data/ga_phylo/p0191.faa)!
Running muscle on data/ga_phylo/p0192.faa...
data/ga_phylo/p0192.sub.aln generated (from data/ga_phylo/p0192.faa)!
Running muscle on data/ga_phylo/p0193.faa...
data/ga_phylo/p0193.sub.aln generated (from data/ga_phylo/p0193.faa)!
Running muscle on data/ga_phylo/p0194.faa...
data/ga_phylo/p0194.sub.aln generated (from data/ga_phylo/p0194.faa)!
Running muscle on data/ga_phylo/p0195.faa...
data/ga_phylo/p0195.sub.aln generated (from data/ga_phylo/p0195.faa)!
Running muscle on data/ga_phylo/p0196.faa...
data/ga_phylo/p0196.sub.aln generated (from data/ga_phylo/p0196.faa)!
Running muscle on data/ga_phylo/p0197.faa...
data/ga_phylo/p0197.sub.aln generated (from data/ga_phylo/p0197.faa)!
Running muscle on data/ga_phylo/p0198.faa...
data/ga_phylo/p0198.sub.aln generated (from data/ga_phylo/p0198.faa)!
Running muscle on data/ga_phylo/p0199.faa...
data/ga_phylo/p0199.sub.aln generated (from data/ga_phylo/p0199.faa)!
Running muscle on data/ga_phylo/p0200.faa...
data/ga_phylo/p0200.sub.aln generated (from data/ga_phylo/p0200.faa)!
Running muscle on data/ga_phylo/p0201.faa...
data/ga_phylo/p0201.sub.aln generated (from data/ga_phylo/p0201.faa)!
Running muscle on data/ga_phylo/p0202.faa...
data/ga_phylo/p0202.sub.aln generated (from data/ga_phylo/p0202.faa)!
Running muscle on data/ga_phylo/p0203.faa...
data/ga_phylo/p0203.sub.aln generated (from data/ga_phylo/p0203.faa)!
Running muscle on data/ga_phylo/p0204.faa...
data/ga_phylo/p0204.sub.aln generated (from data/ga_phylo/p0204.faa)!
Running muscle on data/ga_phylo/p0205.faa...
data/ga_phylo/p0205.sub.aln generated (from data/ga_phylo/p0205.faa)!
Running muscle on data/ga_phylo/p0206.faa...
data/ga_phylo/p0206.sub.aln generated (from data/ga_phylo/p0206.faa)!
Running muscle on data/ga_phylo/p0207.faa...
data/ga_phylo/p0207.sub.aln generated (from data/ga_phylo/p0207.faa)!
Running muscle on data/ga_phylo/p0208.faa...
data/ga_phylo/p0208.sub.aln generated (from data/ga_phylo/p0208.faa)!
Running muscle on data/ga_phylo/p0209.faa...
data/ga_phylo/p0209.sub.aln generated (from data/ga_phylo/p0209.faa)!
Running muscle on data/ga_phylo/p0210.faa...
data/ga_phylo/p0210.sub.aln generated (from data/ga_phylo/p0210.faa)!
Running muscle on data/ga_phylo/p0211.faa...
data/ga_phylo/p0211.sub.aln generated (from data/ga_phylo/p0211.faa)!
Running muscle on data/ga_phylo/p0212.faa...
data/ga_phylo/p0212.sub.aln generated (from data/ga_phylo/p0212.faa)!
Running muscle on data/ga_phylo/p0213.faa...
data/ga_phylo/p0213.sub.aln generated (from data/ga_phylo/p0213.faa)!
Running muscle on data/ga_phylo/p0214.faa...
data/ga_phylo/p0214.sub.aln generated (from data/ga_phylo/p0214.faa)!
Running muscle on data/ga_phylo/p0215.faa...
data/ga_phylo/p0215.sub.aln generated (from data/ga_phylo/p0215.faa)!
Running muscle on data/ga_phylo/p0216.faa...
data/ga_phylo/p0216.sub.aln generated (from data/ga_phylo/p0216.faa)!
Running muscle on data/ga_phylo/p0217.faa...
data/ga_phylo/p0217.sub.aln generated (from data/ga_phylo/p0217.faa)!
Running muscle on data/ga_phylo/p0218.faa...
data/ga_phylo/p0218.sub.aln generated (from data/ga_phylo/p0218.faa)!
Running muscle on data/ga_phylo/p0219.faa...
data/ga_phylo/p0219.sub.aln generated (from data/ga_phylo/p0219.faa)!
Running muscle on data/ga_phylo/p0220.faa...
data/ga_phylo/p0220.sub.aln generated (from data/ga_phylo/p0220.faa)!
Running muscle on data/ga_phylo/p0221.faa...
data/ga_phylo/p0221.sub.aln generated (from data/ga_phylo/p0221.faa)!
Running muscle on data/ga_phylo/p0222.faa...
data/ga_phylo/p0222.sub.aln generated (from data/ga_phylo/p0222.faa)!
Running muscle on data/ga_phylo/p0223.faa...
data/ga_phylo/p0223.sub.aln generated (from data/ga_phylo/p0223.faa)!
Running muscle on data/ga_phylo/p0224.faa...
data/ga_phylo/p0224.sub.aln generated (from data/ga_phylo/p0224.faa)!
Running muscle on data/ga_phylo/p0225.faa...
data/ga_phylo/p0225.sub.aln generated (from data/ga_phylo/p0225.faa)!
Running muscle on data/ga_phylo/p0226.faa...
data/ga_phylo/p0226.sub.aln generated (from data/ga_phylo/p0226.faa)!
Running muscle on data/ga_phylo/p0227.faa...
data/ga_phylo/p0227.sub.aln generated (from data/ga_phylo/p0227.faa)!
Running muscle on data/ga_phylo/p0228.faa...
data/ga_phylo/p0228.sub.aln generated (from data/ga_phylo/p0228.faa)!
Running muscle on data/ga_phylo/p0229.faa...
data/ga_phylo/p0229.sub.aln generated (from data/ga_phylo/p0229.faa)!
Running muscle on data/ga_phylo/p0230.faa...
data/ga_phylo/p0230.sub.aln generated (from data/ga_phylo/p0230.faa)!
Running muscle on data/ga_phylo/p0231.faa...
data/ga_phylo/p0231.sub.aln generated (from data/ga_phylo/p0231.faa)!
Running muscle on data/ga_phylo/p0232.faa...
data/ga_phylo/p0232.sub.aln generated (from data/ga_phylo/p0232.faa)!
Running muscle on data/ga_phylo/p0233.faa...
data/ga_phylo/p0233.sub.aln generated (from data/ga_phylo/p0233.faa)!
Running muscle on data/ga_phylo/p0234.faa...
data/ga_phylo/p0234.sub.aln generated (from data/ga_phylo/p0234.faa)!
Running muscle on data/ga_phylo/p0235.faa...
data/ga_phylo/p0235.sub.aln generated (from data/ga_phylo/p0235.faa)!
Running muscle on data/ga_phylo/p0236.faa...
data/ga_phylo/p0236.sub.aln generated (from data/ga_phylo/p0236.faa)!
Running muscle on data/ga_phylo/p0237.faa...
data/ga_phylo/p0237.sub.aln generated (from data/ga_phylo/p0237.faa)!
Running muscle on data/ga_phylo/p0238.faa...
data/ga_phylo/p0238.sub.aln generated (from data/ga_phylo/p0238.faa)!
Running muscle on data/ga_phylo/p0239.faa...
data/ga_phylo/p0239.sub.aln generated (from data/ga_phylo/p0239.faa)!
Running muscle on data/ga_phylo/p0240.faa...
data/ga_phylo/p0240.sub.aln generated (from data/ga_phylo/p0240.faa)!
Running muscle on data/ga_phylo/p0241.faa...
data/ga_phylo/p0241.sub.aln generated (from data/ga_phylo/p0241.faa)!
Running muscle on data/ga_phylo/p0242.faa...
data/ga_phylo/p0242.sub.aln generated (from data/ga_phylo/p0242.faa)!
Running muscle on data/ga_phylo/p0243.faa...
data/ga_phylo/p0243.sub.aln generated (from data/ga_phylo/p0243.faa)!
Running muscle on data/ga_phylo/p0244.faa...
data/ga_phylo/p0244.sub.aln generated (from data/ga_phylo/p0244.faa)!
Running muscle on data/ga_phylo/p0245.faa...
data/ga_phylo/p0245.sub.aln generated (from data/ga_phylo/p0245.faa)!
Running muscle on data/ga_phylo/p0246.faa...
data/ga_phylo/p0246.sub.aln generated (from data/ga_phylo/p0246.faa)!
Running muscle on data/ga_phylo/p0247.faa...
data/ga_phylo/p0247.sub.aln generated (from data/ga_phylo/p0247.faa)!
Running muscle on data/ga_phylo/p0248.faa...
data/ga_phylo/p0248.sub.aln generated (from data/ga_phylo/p0248.faa)!
Running muscle on data/ga_phylo/p0249.faa...
data/ga_phylo/p0249.sub.aln generated (from data/ga_phylo/p0249.faa)!
Running muscle on data/ga_phylo/p0250.faa...
data/ga_phylo/p0250.sub.aln generated (from data/ga_phylo/p0250.faa)!
Running muscle on data/ga_phylo/p0251.faa...
data/ga_phylo/p0251.sub.aln generated (from data/ga_phylo/p0251.faa)!
Running muscle on data/ga_phylo/p0252.faa...
data/ga_phylo/p0252.sub.aln generated (from data/ga_phylo/p0252.faa)!
Running muscle on data/ga_phylo/p0253.faa...
data/ga_phylo/p0253.sub.aln generated (from data/ga_phylo/p0253.faa)!
Running muscle on data/ga_phylo/p0254.faa...
data/ga_phylo/p0254.sub.aln generated (from data/ga_phylo/p0254.faa)!
Running muscle on data/ga_phylo/p0255.faa...
data/ga_phylo/p0255.sub.aln generated (from data/ga_phylo/p0255.faa)!
Running muscle on data/ga_phylo/p0256.faa...
data/ga_phylo/p0256.sub.aln generated (from data/ga_phylo/p0256.faa)!
Running muscle on data/ga_phylo/p0257.faa...
data/ga_phylo/p0257.sub.aln generated (from data/ga_phylo/p0257.faa)!
Running muscle on data/ga_phylo/p0258.faa...
data/ga_phylo/p0258.sub.aln generated (from data/ga_phylo/p0258.faa)!
Running muscle on data/ga_phylo/p0259.faa...
data/ga_phylo/p0259.sub.aln generated (from data/ga_phylo/p0259.faa)!
Running muscle on data/ga_phylo/p0260.faa...
data/ga_phylo/p0260.sub.aln generated (from data/ga_phylo/p0260.faa)!
Running muscle on data/ga_phylo/p0261.faa...
data/ga_phylo/p0261.sub.aln generated (from data/ga_phylo/p0261.faa)!
Running muscle on data/ga_phylo/p0262.faa...
data/ga_phylo/p0262.sub.aln generated (from data/ga_phylo/p0262.faa)!
Running muscle on data/ga_phylo/p0263.faa...
data/ga_phylo/p0263.sub.aln generated (from data/ga_phylo/p0263.faa)!
Running muscle on data/ga_phylo/p0264.faa...
data/ga_phylo/p0264.sub.aln generated (from data/ga_phylo/p0264.faa)!
Running muscle on data/ga_phylo/p0265.faa...
data/ga_phylo/p0265.sub.aln generated (from data/ga_phylo/p0265.faa)!
Running muscle on data/ga_phylo/p0266.faa...
data/ga_phylo/p0266.sub.aln generated (from data/ga_phylo/p0266.faa)!
Running muscle on data/ga_phylo/p0267.faa...
data/ga_phylo/p0267.sub.aln generated (from data/ga_phylo/p0267.faa)!
Running muscle on data/ga_phylo/p0268.faa...
data/ga_phylo/p0268.sub.aln generated (from data/ga_phylo/p0268.faa)!
Running muscle on data/ga_phylo/p0269.faa...
data/ga_phylo/p0269.sub.aln generated (from data/ga_phylo/p0269.faa)!
Running muscle on data/ga_phylo/p0270.faa...
data/ga_phylo/p0270.sub.aln generated (from data/ga_phylo/p0270.faa)!
Running muscle on data/ga_phylo/p0271.faa...
data/ga_phylo/p0271.sub.aln generated (from data/ga_phylo/p0271.faa)!
Running muscle on data/ga_phylo/p0272.faa...
data/ga_phylo/p0272.sub.aln generated (from data/ga_phylo/p0272.faa)!
Running muscle on data/ga_phylo/p0273.faa...
data/ga_phylo/p0273.sub.aln generated (from data/ga_phylo/p0273.faa)!
Running muscle on data/ga_phylo/p0274.faa...
data/ga_phylo/p0274.sub.aln generated (from data/ga_phylo/p0274.faa)!
Running muscle on data/ga_phylo/p0275.faa...
data/ga_phylo/p0275.sub.aln generated (from data/ga_phylo/p0275.faa)!
Running muscle on data/ga_phylo/p0276.faa...
data/ga_phylo/p0276.sub.aln generated (from data/ga_phylo/p0276.faa)!
Running muscle on data/ga_phylo/p0277.faa...
data/ga_phylo/p0277.sub.aln generated (from data/ga_phylo/p0277.faa)!
Running muscle on data/ga_phylo/p0278.faa...
data/ga_phylo/p0278.sub.aln generated (from data/ga_phylo/p0278.faa)!
Running muscle on data/ga_phylo/p0279.faa...
data/ga_phylo/p0279.sub.aln generated (from data/ga_phylo/p0279.faa)!
Running muscle on data/ga_phylo/p0280.faa...
data/ga_phylo/p0280.sub.aln generated (from data/ga_phylo/p0280.faa)!
Running muscle on data/ga_phylo/p0281.faa...
data/ga_phylo/p0281.sub.aln generated (from data/ga_phylo/p0281.faa)!
Running muscle on data/ga_phylo/p0282.faa...
data/ga_phylo/p0282.sub.aln generated (from data/ga_phylo/p0282.faa)!
Running muscle on data/ga_phylo/p0283.faa...
data/ga_phylo/p0283.sub.aln generated (from data/ga_phylo/p0283.faa)!
Running muscle on data/ga_phylo/p0284.faa...
data/ga_phylo/p0284.sub.aln generated (from data/ga_phylo/p0284.faa)!
Running muscle on data/ga_phylo/p0285.faa...
data/ga_phylo/p0285.sub.aln generated (from data/ga_phylo/p0285.faa)!
Running muscle on data/ga_phylo/p0286.faa...
data/ga_phylo/p0286.sub.aln generated (from data/ga_phylo/p0286.faa)!
Running muscle on data/ga_phylo/p0287.faa...
data/ga_phylo/p0287.sub.aln generated (from data/ga_phylo/p0287.faa)!
Running muscle on data/ga_phylo/p0288.faa...
data/ga_phylo/p0288.sub.aln generated (from data/ga_phylo/p0288.faa)!
Running muscle on data/ga_phylo/p0289.faa...
data/ga_phylo/p0289.sub.aln generated (from data/ga_phylo/p0289.faa)!
Running muscle on data/ga_phylo/p0290.faa...
data/ga_phylo/p0290.sub.aln generated (from data/ga_phylo/p0290.faa)!
Running muscle on data/ga_phylo/p0291.faa...
data/ga_phylo/p0291.sub.aln generated (from data/ga_phylo/p0291.faa)!
Running muscle on data/ga_phylo/p0292.faa...
data/ga_phylo/p0292.sub.aln generated (from data/ga_phylo/p0292.faa)!
Running muscle on data/ga_phylo/p0293.faa...
data/ga_phylo/p0293.sub.aln generated (from data/ga_phylo/p0293.faa)!
Running muscle on data/ga_phylo/p0294.faa...
data/ga_phylo/p0294.sub.aln generated (from data/ga_phylo/p0294.faa)!
Running muscle on data/ga_phylo/p0295.faa...
data/ga_phylo/p0295.sub.aln generated (from data/ga_phylo/p0295.faa)!
Running muscle on data/ga_phylo/p0297.faa...
data/ga_phylo/p0297.sub.aln generated (from data/ga_phylo/p0297.faa)!
Running muscle on data/ga_phylo/p0298.faa...
data/ga_phylo/p0298.sub.aln generated (from data/ga_phylo/p0298.faa)!
Running muscle on data/ga_phylo/p0299.faa...
data/ga_phylo/p0299.sub.aln generated (from data/ga_phylo/p0299.faa)!
Running muscle on data/ga_phylo/p0300.faa...
data/ga_phylo/p0300.sub.aln generated (from data/ga_phylo/p0300.faa)!
Running muscle on data/ga_phylo/p0301.faa...
data/ga_phylo/p0301.sub.aln generated (from data/ga_phylo/p0301.faa)!
Running muscle on data/ga_phylo/p0302.faa...
data/ga_phylo/p0302.sub.aln generated (from data/ga_phylo/p0302.faa)!
Running muscle on data/ga_phylo/p0303.faa...
data/ga_phylo/p0303.sub.aln generated (from data/ga_phylo/p0303.faa)!
Running muscle on data/ga_phylo/p0304.faa...
data/ga_phylo/p0304.sub.aln generated (from data/ga_phylo/p0304.faa)!
Running muscle on data/ga_phylo/p0305.faa...
data/ga_phylo/p0305.sub.aln generated (from data/ga_phylo/p0305.faa)!
Running muscle on data/ga_phylo/p0306.faa...
data/ga_phylo/p0306.sub.aln generated (from data/ga_phylo/p0306.faa)!
Running muscle on data/ga_phylo/p0307.faa...
data/ga_phylo/p0307.sub.aln generated (from data/ga_phylo/p0307.faa)!
Running muscle on data/ga_phylo/p0308.faa...
data/ga_phylo/p0308.sub.aln generated (from data/ga_phylo/p0308.faa)!
Running muscle on data/ga_phylo/p0309.faa...
data/ga_phylo/p0309.sub.aln generated (from data/ga_phylo/p0309.faa)!
Running muscle on data/ga_phylo/p0310.faa...
data/ga_phylo/p0310.sub.aln generated (from data/ga_phylo/p0310.faa)!
Running muscle on data/ga_phylo/p0311.faa...
data/ga_phylo/p0311.sub.aln generated (from data/ga_phylo/p0311.faa)!
Running muscle on data/ga_phylo/p0312.faa...
data/ga_phylo/p0312.sub.aln generated (from data/ga_phylo/p0312.faa)!
Running muscle on data/ga_phylo/p0313.faa...
data/ga_phylo/p0313.sub.aln generated (from data/ga_phylo/p0313.faa)!
Running muscle on data/ga_phylo/p0315.faa...
data/ga_phylo/p0315.sub.aln generated (from data/ga_phylo/p0315.faa)!
Running muscle on data/ga_phylo/p0316.faa...
data/ga_phylo/p0316.sub.aln generated (from data/ga_phylo/p0316.faa)!
Running muscle on data/ga_phylo/p0317.faa...
data/ga_phylo/p0317.sub.aln generated (from data/ga_phylo/p0317.faa)!
Running muscle on data/ga_phylo/p0318.faa...
data/ga_phylo/p0318.sub.aln generated (from data/ga_phylo/p0318.faa)!
Running muscle on data/ga_phylo/p0319.faa...
data/ga_phylo/p0319.sub.aln generated (from data/ga_phylo/p0319.faa)!
Running muscle on data/ga_phylo/p0320.faa...
data/ga_phylo/p0320.sub.aln generated (from data/ga_phylo/p0320.faa)!
Running muscle on data/ga_phylo/p0321.faa...
data/ga_phylo/p0321.sub.aln generated (from data/ga_phylo/p0321.faa)!
Running muscle on data/ga_phylo/p0322.faa...
data/ga_phylo/p0322.sub.aln generated (from data/ga_phylo/p0322.faa)!
Running muscle on data/ga_phylo/p0323.faa...
data/ga_phylo/p0323.sub.aln generated (from data/ga_phylo/p0323.faa)!
Running muscle on data/ga_phylo/p0324.faa...
data/ga_phylo/p0324.sub.aln generated (from data/ga_phylo/p0324.faa)!
Running muscle on data/ga_phylo/p0325.faa...
data/ga_phylo/p0325.sub.aln generated (from data/ga_phylo/p0325.faa)!
Running muscle on data/ga_phylo/p0326.faa...
data/ga_phylo/p0326.sub.aln generated (from data/ga_phylo/p0326.faa)!
Running muscle on data/ga_phylo/p0327.faa...
data/ga_phylo/p0327.sub.aln generated (from data/ga_phylo/p0327.faa)!
Running muscle on data/ga_phylo/p0328.faa...
data/ga_phylo/p0328.sub.aln generated (from data/ga_phylo/p0328.faa)!
Running muscle on data/ga_phylo/p0329.faa...
data/ga_phylo/p0329.sub.aln generated (from data/ga_phylo/p0329.faa)!
Running muscle on data/ga_phylo/p0330.faa...
data/ga_phylo/p0330.sub.aln generated (from data/ga_phylo/p0330.faa)!
Running muscle on data/ga_phylo/p0331.faa...
data/ga_phylo/p0331.sub.aln generated (from data/ga_phylo/p0331.faa)!
Running muscle on data/ga_phylo/p0332.faa...
data/ga_phylo/p0332.sub.aln generated (from data/ga_phylo/p0332.faa)!
Running muscle on data/ga_phylo/p0333.faa...
data/ga_phylo/p0333.sub.aln generated (from data/ga_phylo/p0333.faa)!
Running muscle on data/ga_phylo/p0334.faa...
data/ga_phylo/p0334.sub.aln generated (from data/ga_phylo/p0334.faa)!
Running muscle on data/ga_phylo/p0335.faa...
data/ga_phylo/p0335.sub.aln generated (from data/ga_phylo/p0335.faa)!
Running muscle on data/ga_phylo/p0336.faa...
data/ga_phylo/p0336.sub.aln generated (from data/ga_phylo/p0336.faa)!
Running muscle on data/ga_phylo/p0337.faa...
data/ga_phylo/p0337.sub.aln generated (from data/ga_phylo/p0337.faa)!
Running muscle on data/ga_phylo/p0338.faa...
data/ga_phylo/p0338.sub.aln generated (from data/ga_phylo/p0338.faa)!
Running muscle on data/ga_phylo/p0339.faa...
data/ga_phylo/p0339.sub.aln generated (from data/ga_phylo/p0339.faa)!
Running muscle on data/ga_phylo/p0340.faa...
data/ga_phylo/p0340.sub.aln generated (from data/ga_phylo/p0340.faa)!
Running muscle on data/ga_phylo/p0341.faa...
data/ga_phylo/p0341.sub.aln generated (from data/ga_phylo/p0341.faa)!
Running muscle on data/ga_phylo/p0342.faa...
data/ga_phylo/p0342.sub.aln generated (from data/ga_phylo/p0342.faa)!
Running muscle on data/ga_phylo/p0343.faa...
data/ga_phylo/p0343.sub.aln generated (from data/ga_phylo/p0343.faa)!
Running muscle on data/ga_phylo/p0344.faa...
data/ga_phylo/p0344.sub.aln generated (from data/ga_phylo/p0344.faa)!
Running muscle on data/ga_phylo/p0345.faa...
data/ga_phylo/p0345.sub.aln generated (from data/ga_phylo/p0345.faa)!
Running muscle on data/ga_phylo/p0346.faa...
data/ga_phylo/p0346.sub.aln generated (from data/ga_phylo/p0346.faa)!
Running muscle on data/ga_phylo/p0347.faa...
data/ga_phylo/p0347.sub.aln generated (from data/ga_phylo/p0347.faa)!
Running muscle on data/ga_phylo/p0349.faa...
data/ga_phylo/p0349.sub.aln generated (from data/ga_phylo/p0349.faa)!
Running muscle on data/ga_phylo/p0350.faa...
data/ga_phylo/p0350.sub.aln generated (from data/ga_phylo/p0350.faa)!
Running muscle on data/ga_phylo/p0351.faa...
data/ga_phylo/p0351.sub.aln generated (from data/ga_phylo/p0351.faa)!
Running muscle on data/ga_phylo/p0352.faa...
data/ga_phylo/p0352.sub.aln generated (from data/ga_phylo/p0352.faa)!
Running muscle on data/ga_phylo/p0353.faa...
data/ga_phylo/p0353.sub.aln generated (from data/ga_phylo/p0353.faa)!
Running muscle on data/ga_phylo/p0354.faa...
data/ga_phylo/p0354.sub.aln generated (from data/ga_phylo/p0354.faa)!
Running muscle on data/ga_phylo/p0355.faa...
data/ga_phylo/p0355.sub.aln generated (from data/ga_phylo/p0355.faa)!
Running muscle on data/ga_phylo/p0356.faa...
data/ga_phylo/p0356.sub.aln generated (from data/ga_phylo/p0356.faa)!
Running muscle on data/ga_phylo/p0357.faa...
data/ga_phylo/p0357.sub.aln generated (from data/ga_phylo/p0357.faa)!
Running muscle on data/ga_phylo/p0358.faa...
data/ga_phylo/p0358.sub.aln generated (from data/ga_phylo/p0358.faa)!
Running muscle on data/ga_phylo/p0359.faa...
data/ga_phylo/p0359.sub.aln generated (from data/ga_phylo/p0359.faa)!
Running muscle on data/ga_phylo/p0360.faa...
data/ga_phylo/p0360.sub.aln generated (from data/ga_phylo/p0360.faa)!
Running muscle on data/ga_phylo/p0361.faa...
data/ga_phylo/p0361.sub.aln generated (from data/ga_phylo/p0361.faa)!
Running muscle on data/ga_phylo/p0362.faa...
data/ga_phylo/p0362.sub.aln generated (from data/ga_phylo/p0362.faa)!
Running muscle on data/ga_phylo/p0363.faa...
data/ga_phylo/p0363.sub.aln generated (from data/ga_phylo/p0363.faa)!
Running muscle on data/ga_phylo/p0364.faa...
data/ga_phylo/p0364.sub.aln generated (from data/ga_phylo/p0364.faa)!
Running muscle on data/ga_phylo/p0365.faa...
data/ga_phylo/p0365.sub.aln generated (from data/ga_phylo/p0365.faa)!
Running muscle on data/ga_phylo/p0366.faa...
data/ga_phylo/p0366.sub.aln generated (from data/ga_phylo/p0366.faa)!
Running muscle on data/ga_phylo/p0367.faa...
data/ga_phylo/p0367.sub.aln generated (from data/ga_phylo/p0367.faa)!
Running muscle on data/ga_phylo/p0368.faa...
data/ga_phylo/p0368.sub.aln generated (from data/ga_phylo/p0368.faa)!
Running muscle on data/ga_phylo/p0369.faa...
data/ga_phylo/p0369.sub.aln generated (from data/ga_phylo/p0369.faa)!
Running muscle on data/ga_phylo/p0370.faa...
data/ga_phylo/p0370.sub.aln generated (from data/ga_phylo/p0370.faa)!
Running muscle on data/ga_phylo/p0371.faa...
data/ga_phylo/p0371.sub.aln generated (from data/ga_phylo/p0371.faa)!
Running muscle on data/ga_phylo/p0373.faa...
data/ga_phylo/p0373.sub.aln generated (from data/ga_phylo/p0373.faa)!
Running muscle on data/ga_phylo/p0374.faa...
data/ga_phylo/p0374.sub.aln generated (from data/ga_phylo/p0374.faa)!
Running muscle on data/ga_phylo/p0375.faa...
data/ga_phylo/p0375.sub.aln generated (from data/ga_phylo/p0375.faa)!
Running muscle on data/ga_phylo/p0376.faa...
data/ga_phylo/p0376.sub.aln generated (from data/ga_phylo/p0376.faa)!
Running muscle on data/ga_phylo/p0377.faa...
data/ga_phylo/p0377.sub.aln generated (from data/ga_phylo/p0377.faa)!
Running muscle on data/ga_phylo/p0378.faa...
data/ga_phylo/p0378.sub.aln generated (from data/ga_phylo/p0378.faa)!
Running muscle on data/ga_phylo/p0379.faa...
data/ga_phylo/p0379.sub.aln generated (from data/ga_phylo/p0379.faa)!
Running muscle on data/ga_phylo/p0380.faa...
data/ga_phylo/p0380.sub.aln generated (from data/ga_phylo/p0380.faa)!
Running muscle on data/ga_phylo/p0381.faa...
data/ga_phylo/p0381.sub.aln generated (from data/ga_phylo/p0381.faa)!
Running muscle on data/ga_phylo/p0382.faa...
data/ga_phylo/p0382.sub.aln generated (from data/ga_phylo/p0382.faa)!
Running muscle on data/ga_phylo/p0383.faa...
data/ga_phylo/p0383.sub.aln generated (from data/ga_phylo/p0383.faa)!
Running muscle on data/ga_phylo/p0384.faa...
data/ga_phylo/p0384.sub.aln generated (from data/ga_phylo/p0384.faa)!
Running muscle on data/ga_phylo/p0385.faa...
data/ga_phylo/p0385.sub.aln generated (from data/ga_phylo/p0385.faa)!
Running muscle on data/ga_phylo/p0386.faa...
data/ga_phylo/p0386.sub.aln generated (from data/ga_phylo/p0386.faa)!
Running muscle on data/ga_phylo/p0387.faa...
data/ga_phylo/p0387.sub.aln generated (from data/ga_phylo/p0387.faa)!
Running muscle on data/ga_phylo/p0390.faa...
data/ga_phylo/p0390.sub.aln generated (from data/ga_phylo/p0390.faa)!
Running muscle on data/ga_phylo/p0392.faa...
data/ga_phylo/p0392.sub.aln generated (from data/ga_phylo/p0392.faa)!
Running muscle on data/ga_phylo/p0393.faa...
data/ga_phylo/p0393.sub.aln generated (from data/ga_phylo/p0393.faa)!
Running muscle on data/ga_phylo/p0394.faa...
data/ga_phylo/p0394.sub.aln generated (from data/ga_phylo/p0394.faa)!
Running muscle on data/ga_phylo/p0396.faa...
data/ga_phylo/p0396.sub.aln generated (from data/ga_phylo/p0396.faa)!
Running muscle on data/ga_phylo/p0397.faa...
data/ga_phylo/p0397.sub.aln generated (from data/ga_phylo/p0397.faa)!
Running muscle on data/ga_phylo/p0398.faa...
data/ga_phylo/p0398.sub.aln generated (from data/ga_phylo/p0398.faa)!
Running muscle on data/ga_phylo/p0399.faa...
data/ga_phylo/p0399.sub.aln generated (from data/ga_phylo/p0399.faa)!
All alignments performed!
All alignments already computed!
Aligning finished in 2738 secs (3117 total time).

All alignments merged into data/ga_phylo/aln.fna!
Start building the tree with FastTree ... 
FastTree Version 2.1.10 SSE3
Alignment: standard input
Amino acid distances: BLOSUM45 Joins: weighted Support: SH-like 1000
Search: Normal +NNI +SPR (4 rounds range 10) +ML-NNI opt-each=2
TopHits: 1.00*sqrtN close=default refresh=0.80
ML Model: Jones-Taylor-Thorton, CAT approximation with 20 rate categories
WARNING! 100.0% NUCLEOTIDE CHARACTERS -- IS THIS REALLY A PROTEIN ALIGNMENT?
Initial topology in 0.19 seconds
Refining topology: 21 rounds ME-NNIs, 4 rounds ME-SPRs, 11 rounds ML-NNIs
      0.18 seconds: ME NNI round 1 of 21, 1 of 39 splits
      0.30 seconds: SPR round   1 of   4, 1 of 80 nodes
      1.74 seconds: ME NNI round 5 of 21, 1 of 39 splits
      3.22 seconds: ME NNI round 9 of 21, 1 of 39 splits
      4.64 seconds: ME NNI round 13 of 21, 1 of 39 splits
      6.03 seconds: ME NNI round 17 of 21, 1 of 39 splits
Total branch-length 32.407 after 6.10 sec
      6.56 seconds: ML NNI round 1 of 11, 1 of 39 splits
ML-NNI round 1: LogLk = -93754.490 NNIs 12 max delta 25.91 Time 9.10
      9.12 seconds: Site likelihoods with rate category 1 of 20
      9.22 seconds: Site likelihoods with rate category 4 of 20
      9.33 seconds: Site likelihoods with rate category 7 of 20
      9.43 seconds: Site likelihoods with rate category 10 of 20
      9.54 seconds: Site likelihoods with rate category 13 of 20
      9.65 seconds: Site likelihoods with rate category 16 of 20
      9.78 seconds: Site likelihoods with rate category 19 of 20
Switched to using 20 rate categories (CAT approximation)
Rate categories were divided by 0.858 so that average rate = 1.0
CAT-based log-likelihoods may not be comparable across runs
Use -gamma for approximate but comparable Gamma(20) log-likelihoods
      9.89 seconds: ML NNI round 2 of 11, 1 of 39 splits
ML-NNI round 2: LogLk = -93249.801 NNIs 3 max delta 6.96 Time 12.68
     12.67 seconds: ML NNI round 3 of 11, 1 of 39 splits
ML-NNI round 3: LogLk = -93235.882 NNIs 4 max delta 7.55 Time 15.36
     15.35 seconds: ML NNI round 4 of 11, 1 of 39 splits
ML-NNI round 4: LogLk = -93234.689 NNIs 1 max delta 0.33 Time 18.04
     18.02 seconds: ML NNI round 5 of 11, 1 of 39 splits
ML-NNI round 5: LogLk = -93234.210 NNIs 0 max delta 0.00 Time 20.73
Turning off heuristics for final round of ML NNIs (converged)
     20.72 seconds: ML NNI round 6 of 11, 1 of 39 splits
ML-NNI round 6: LogLk = -93234.131 NNIs 0 max delta 0.00 Time 23.38 (final)
     23.37 seconds: ML Lengths 1 of 39 splits
Optimize all lengths: LogLk = -93234.100 Time 23.87
Total time: 25.73 seconds Unique: 41/44 Bad splits: 0/38
Tree built! The output newick file is in output/ga_phylo/ga_phylo.tree.nwk
Tree building finished in 26 secs (3144 total time).

