	trimmomatic 0.36 loaded, see 'module help trimmomatic/0.36' for more information.
TrimmomaticSE: Started with arguments:
 -phred33 /home/haol7814/ga2018/data/raw_data/SRR4342137.fastq.gz /home/haol7814/ga2018/analyses/09_RNA_quality/SRR4342137_trimmed.fastq.gz ILLUMINACLIP:TruSeq3-SE:2:30:10 LEADING:3 TRAILING:3 SLIDINGWINDOW:4:15 MINLEN:36
Automatically using 2 threads
java.io.FileNotFoundException: /pica/h1/haol7814/ga2018/code/TruSeq3-SE (No such file or directory)
	at java.io.FileInputStream.open0(Native Method)
	at java.io.FileInputStream.open(FileInputStream.java:195)
	at java.io.FileInputStream.<init>(FileInputStream.java:138)
	at org.usadellab.trimmomatic.fasta.FastaParser.parse(FastaParser.java:54)
	at org.usadellab.trimmomatic.trim.IlluminaClippingTrimmer.loadSequences(IlluminaClippingTrimmer.java:110)
	at org.usadellab.trimmomatic.trim.IlluminaClippingTrimmer.makeIlluminaClippingTrimmer(IlluminaClippingTrimmer.java:71)
	at org.usadellab.trimmomatic.trim.TrimmerFactory.makeTrimmer(TrimmerFactory.java:32)
	at org.usadellab.trimmomatic.Trimmomatic.createTrimmers(Trimmomatic.java:59)
	at org.usadellab.trimmomatic.TrimmomaticSE.run(TrimmomaticSE.java:303)
	at org.usadellab.trimmomatic.Trimmomatic.main(Trimmomatic.java:85)
Input Reads: 2609372 Surviving: 2452025 (93.97%) Dropped: 157347 (6.03%)
TrimmomaticSE: Completed successfully
TrimmomaticSE: Started with arguments:
 -phred33 /home/haol7814/ga2018/data/raw_data/SRR4342139.fastq.gz /home/haol7814/ga2018/analyses/09_RNA_quality/SRR4342139_trimmed.fastq.gz ILLUMINACLIP:TruSeq3-SE:2:30:10 LEADING:3 TRAILING:3 SLIDINGWINDOW:4:15 MINLEN:36
Automatically using 2 threads
java.io.FileNotFoundException: /pica/h1/haol7814/ga2018/code/TruSeq3-SE (No such file or directory)
	at java.io.FileInputStream.open0(Native Method)
	at java.io.FileInputStream.open(FileInputStream.java:195)
	at java.io.FileInputStream.<init>(FileInputStream.java:138)
	at org.usadellab.trimmomatic.fasta.FastaParser.parse(FastaParser.java:54)
	at org.usadellab.trimmomatic.trim.IlluminaClippingTrimmer.loadSequences(IlluminaClippingTrimmer.java:110)
	at org.usadellab.trimmomatic.trim.IlluminaClippingTrimmer.makeIlluminaClippingTrimmer(IlluminaClippingTrimmer.java:71)
	at org.usadellab.trimmomatic.trim.TrimmerFactory.makeTrimmer(TrimmerFactory.java:32)
	at org.usadellab.trimmomatic.Trimmomatic.createTrimmers(Trimmomatic.java:59)
	at org.usadellab.trimmomatic.TrimmomaticSE.run(TrimmomaticSE.java:303)
	at org.usadellab.trimmomatic.Trimmomatic.main(Trimmomatic.java:85)
Input Reads: 2426080 Surviving: 2281209 (94.03%) Dropped: 144871 (5.97%)
TrimmomaticSE: Completed successfully
