[M::bwa_idx_load_from_disk] read 0 ALT contigs
[M::process] read 218328 sequences (20000159 bp)...
[M::process] read 215578 sequences (20000159 bp)...
[M::mem_process_seqs] Processed 218328 reads in 9.661 CPU sec, 4.948 real sec
[M::process] read 218578 sequences (20000191 bp)...
[M::mem_process_seqs] Processed 215578 reads in 9.269 CPU sec, 5.608 real sec
[M::process] read 216306 sequences (20000018 bp)...
[M::mem_process_seqs] Processed 218578 reads in 9.069 CPU sec, 8.255 real sec
[M::process] read 217578 sequences (20000000 bp)...
[M::mem_process_seqs] Processed 216306 reads in 9.113 CPU sec, 8.210 real sec
[M::process] read 216246 sequences (20000169 bp)...
[M::mem_process_seqs] Processed 217578 reads in 9.795 CPU sec, 5.051 real sec
[M::process] read 216694 sequences (20000154 bp)...
[M::mem_process_seqs] Processed 216246 reads in 9.509 CPU sec, 4.887 real sec
[M::process] read 216834 sequences (20000092 bp)...
[M::mem_process_seqs] Processed 216694 reads in 9.425 CPU sec, 4.947 real sec
[M::process] read 216292 sequences (20000030 bp)...
[M::mem_process_seqs] Processed 216834 reads in 9.882 CPU sec, 5.065 real sec
[M::process] read 217902 sequences (20000026 bp)...
[M::mem_process_seqs] Processed 216292 reads in 9.185 CPU sec, 8.277 real sec
[M::process] read 215232 sequences (20000081 bp)...
[M::mem_process_seqs] Processed 217902 reads in 9.749 CPU sec, 5.263 real sec
[M::process] read 66457 sequences (6026396 bp)...
[M::mem_process_seqs] Processed 215232 reads in 8.741 CPU sec, 8.250 real sec
[M::mem_process_seqs] Processed 66457 reads in 5.991 CPU sec, 3.159 real sec
[main] Version: 0.7.17-r1188
[main] CMD: bwa mem -t 2 /home/haol7814/ga2018/analyses/05_binning/cat_bins/bin.10.cat.fa /home/haol7814/ga2018/analyses/09_RNA_quality/SRR4342137_trimmed.fastq.gz
[main] Real time: 72.846 sec; CPU: 110.013 sec
